<?xml version="1.0" encoding="UTF-8"?>
<!-- Generated by org.testng.reporters.JUnitXMLReporter -->
<testsuite hostname="DESKTOP-TJTR8G5" ignored="0" name="Default test" tests="3" failures="0" timestamp="2023-11-22T23:22:53 GMT" time="45.405" errors="0">
  <testcase name="resgisterwithMondotaryField" time="2.837" classname="com.tutorial.testcase.RegisteTest"/>
  <testcase name="resgisterwithEmailExiste" time="1.965" classname="com.tutorial.testcase.RegisteTest"/>
  <testcase name="resgisterwitoutAnyDetail" time="0.884" classname="com.tutorial.testcase.RegisteTest"/>
</testsuite> <!-- Default test -->
