<?xml version="1.0" encoding="UTF-8"?>
<!-- Generated by org.testng.reporters.JUnitXMLReporter -->
<testsuite ignored="0" hostname="DESKTOP-TJTR8G5" failures="0" tests="14" name="Default test" time="168.223" errors="0" timestamp="2023-12-02T00:30:31 GMT">
  <testcase classname="com.tutorial.testcase.Login1" name="verifiyLoginWithCorrectCredential" time="1.436"/>
  <testcase classname="com.tutorial.testcase.Login1" name="verifiyLoginWithinCorrectCredential" time="1.258"/>
  <testcase classname="com.tutorial.testcase.Login1" name="verifiyLoginWithinCorrectEmail" time="1.284"/>
  <testcase classname="com.tutorial.testcase.SearchTest" name="searchProductValide" time="1.196"/>
  <testcase classname="com.tutorial.testcase.SearchTest" name="searchProductinValide" time="0.982"/>
  <testcase classname="com.tutorial.testcase.RegisteTest" name="resgisterwithMondotaryField" time="2.618"/>
  <testcase classname="com.tutorial.testcase.RegisteTest" name="resgisterwithEmailExiste" time="2.01"/>
  <testcase classname="com.tutorial.testcase.RegisteTest" name="resgisterwitoutAnyDetail" time="0.922"/>
  <testcase classname="com.tutorial.testcase.Register1" name="resgisterwithEmailExiste" time="2.366"/>
  <testcase classname="com.tutorial.testcase.Register1" name="resgisterwithMondotaryField" time="2.415"/>
  <testcase classname="com.tutorial.testcase.Register1" name="resgisterwitoutAnyDetail" time="0.86"/>
  <testcase classname="com.tutorial.testcase.LoginTest" name="verifiyLoginWithCorrectCredential" time="1.734"/>
  <testcase classname="com.tutorial.testcase.LoginTest" name="verifiyLoginWithinCorrectCredential" time="1.121"/>
  <testcase classname="com.tutorial.testcase.LoginTest" name="verifiyLoginWithinCorrectEmail" time="1.233"/>
</testsuite> <!-- Default test -->
