<?xml version="1.0" encoding="UTF-8"?>
<!-- Generated by org.testng.reporters.JUnitXMLReporter -->
<testsuite ignored="0" hostname="DESKTOP-TJTR8G5" failures="0" tests="8" name="Test tuto" time="100.632" errors="0" timestamp="2023-12-02T00:23:52 GMT">
  <testcase classname="com.tutorial.testcase.LoginTest" name="verifiyLoginWithCorrectCredential" time="1.949"/>
  <testcase classname="com.tutorial.testcase.LoginTest" name="verifiyLoginWithinCorrectCredential" time="1.008"/>
  <testcase classname="com.tutorial.testcase.LoginTest" name="verifiyLoginWithinCorrectEmail" time="1.371"/>
  <testcase classname="com.tutorial.testcase.SearchTest" name="searchProductValide" time="1.355"/>
  <testcase classname="com.tutorial.testcase.SearchTest" name="searchProductinValide" time="2.646"/>
  <testcase classname="com.tutorial.testcase.RegisteTest" name="resgisterwithMondotaryField" time="2.608"/>
  <testcase classname="com.tutorial.testcase.RegisteTest" name="resgisterwithEmailExiste" time="1.986"/>
  <testcase classname="com.tutorial.testcase.RegisteTest" name="resgisterwitoutAnyDetail" time="0.928"/>
</testsuite> <!-- Test tuto -->
