<?xml version="1.0" encoding="UTF-8"?>
<!-- Generated by org.testng.reporters.JUnitXMLReporter -->
<testsuite ignored="0" hostname="DESKTOP-TJTR8G5" failures="0" tests="8" name="Test tuto" time="89.849" errors="0" timestamp="2023-11-23T21:41:38 GMT">
  <testcase classname="com.tutorial.testcase.LoginTest" name="verifiyLoginWithCorrectCredential" time="1.702"/>
  <testcase classname="com.tutorial.testcase.LoginTest" name="verifiyLoginWithinCorrectCredential" time="1.191"/>
  <testcase classname="com.tutorial.testcase.LoginTest" name="verifiyLoginWithinCorrectEmail" time="1.234"/>
  <testcase classname="com.tutorial.testcase.SearchTest" name="searchProductValide" time="1.47"/>
  <testcase classname="com.tutorial.testcase.SearchTest" name="searchProductinValide" time="1.053"/>
  <testcase classname="com.tutorial.testcase.RegisteTest" name="resgisterwithMondotaryField" time="2.252"/>
  <testcase classname="com.tutorial.testcase.RegisteTest" name="resgisterwithEmailExiste" time="1.865"/>
  <testcase classname="com.tutorial.testcase.RegisteTest" name="resgisterwitoutAnyDetail" time="0.862"/>
</testsuite> <!-- Test tuto -->
