<?xml version="1.0" encoding="UTF-8"?>
<testsuite xmlns:xsi="http://www.w3.org/2001/XMLSchema-instance" xsi:noNamespaceSchemaLocation="https://maven.apache.org/surefire/maven-surefire-plugin/xsd/surefire-test-report.xsd" name="com.tutorial.testcase.SearchTest" time="25.188" tests="2" errors="0" skipped="0" failures="0">
  <properties>
[...]
</properties>
  <testcase name="searchProductValide" classname="com.tutorial.testcase.SearchTest" time="1.091"/>
  <testcase name="searchProductinValide" classname="com.tutorial.testcase.SearchTest" time="0.796"/>
</testsuite>