<?xml version="1.0" encoding="UTF-8"?>
<testng-results ignored="0" total="2" passed="2" failed="0" skipped="0">
  <reporter-output>
  </reporter-output>
  <suite started-at="2023-11-26T14:56:50 GMT" name="Default suite" finished-at="2023-11-26T14:57:20 GMT" duration-ms="29893">
    <groups>
    </groups>
    <test started-at="2023-11-26T14:56:50 GMT" name="Default test" finished-at="2023-11-26T14:57:20 GMT" duration-ms="29893">
      <class name="com.tutorial.testcase.SearchTest">
        <test-method is-config="true" signature="setup()[pri:0, instance:com.tutorial.testcase.SearchTest@481a996b]" started-at="2023-11-26T14:56:51 GMT" name="setup" finished-at="2023-11-26T14:57:05 GMT" duration-ms="14966" status="PASS">
          <reporter-output>
          </reporter-output>
        </test-method> <!-- setup -->
        <test-method signature="searchProductValide()[pri:0, instance:com.tutorial.testcase.SearchTest@481a996b]" started-at="2023-11-26T14:57:05 GMT" name="searchProductValide" finished-at="2023-11-26T14:57:07 GMT" duration-ms="1282" status="PASS">
          <reporter-output>
          </reporter-output>
        </test-method> <!-- searchProductValide -->
        <test-method is-config="true" signature="closedriver()[pri:0, instance:com.tutorial.testcase.SearchTest@481a996b]" started-at="2023-11-26T14:57:07 GMT" name="closedriver" finished-at="2023-11-26T14:57:07 GMT" duration-ms="445" status="PASS">
          <reporter-output>
          </reporter-output>
        </test-method> <!-- closedriver -->
        <test-method is-config="true" signature="setup()[pri:0, instance:com.tutorial.testcase.SearchTest@481a996b]" started-at="2023-11-26T14:57:07 GMT" name="setup" finished-at="2023-11-26T14:57:19 GMT" duration-ms="12021" status="PASS">
          <reporter-output>
          </reporter-output>
        </test-method> <!-- setup -->
        <test-method signature="searchProductinValide()[pri:1, instance:com.tutorial.testcase.SearchTest@481a996b]" started-at="2023-11-26T14:57:19 GMT" name="searchProductinValide" finished-at="2023-11-26T14:57:20 GMT" depends-on-methods="com.tutorial.testcase.SearchTest.searchProductValide" duration-ms="857" status="PASS">
          <reporter-output>
          </reporter-output>
        </test-method> <!-- searchProductinValide -->
        <test-method is-config="true" signature="closedriver()[pri:0, instance:com.tutorial.testcase.SearchTest@481a996b]" started-at="2023-11-26T14:57:20 GMT" name="closedriver" finished-at="2023-11-26T14:57:20 GMT" duration-ms="246" status="PASS">
          <reporter-output>
          </reporter-output>
        </test-method> <!-- closedriver -->
      </class> <!-- com.tutorial.testcase.SearchTest -->
    </test> <!-- Default test -->
  </suite> <!-- Default suite -->
</testng-results>
